<?xml version="1.0" encoding="UTF-8"?>
<!-- Generated by org.testng.reporters.JUnitXMLReporter -->
<testsuite ignored="0" hostname="MITESH-PC" failures="0" tests="4" name="Default test" time="16.917" errors="0" timestamp="2023-12-15T17:15:45 IST">
  <testcase classname="com.qa.opencart.tests.LoginPageTest" name="forgotPwdLinkExistTest" time="0.326"/>
  <testcase classname="com.qa.opencart.tests.LoginPageTest" name="loginPageTitleTest" time="0.049"/>
  <testcase classname="com.qa.opencart.tests.LoginPageTest" name="loginPageUrlTest" time="0.034"/>
  <testcase classname="com.qa.opencart.tests.LoginPageTest" name="loginTest" time="2.568"/>
</testsuite> <!-- Default test -->
