<?xml version="1.0" encoding="UTF-8"?>
<testng-results ignored="0" total="4" passed="4" failed="0" skipped="0">
  <reporter-output>
  </reporter-output>
  <suite started-at="2023-12-15T17:15:28 IST" name="Default suite" finished-at="2023-12-15T17:15:45 IST" duration-ms="16917">
    <groups>
    </groups>
    <test started-at="2023-12-15T17:15:28 IST" name="Default test" finished-at="2023-12-15T17:15:45 IST" duration-ms="16917">
      <class name="com.qa.opencart.tests.LoginPageTest">
        <test-method is-config="true" signature="setup()[pri:0, instance:com.qa.opencart.tests.LoginPageTest@2ea41516]" started-at="2023-12-15T17:15:28 IST" name="setup" finished-at="2023-12-15T17:15:40 IST" duration-ms="12614" status="PASS">
          <reporter-output>
          </reporter-output>
        </test-method> <!-- setup -->
        <test-method signature="forgotPwdLinkExistTest()[pri:0, instance:com.qa.opencart.tests.LoginPageTest@2ea41516]" started-at="2023-12-15T17:15:40 IST" name="forgotPwdLinkExistTest" finished-at="2023-12-15T17:15:41 IST" duration-ms="326" status="PASS">
          <reporter-output>
          </reporter-output>
        </test-method> <!-- forgotPwdLinkExistTest -->
        <test-method signature="loginPageTitleTest()[pri:0, instance:com.qa.opencart.tests.LoginPageTest@2ea41516]" started-at="2023-12-15T17:15:41 IST" name="loginPageTitleTest" finished-at="2023-12-15T17:15:41 IST" duration-ms="49" status="PASS">
          <reporter-output>
          </reporter-output>
        </test-method> <!-- loginPageTitleTest -->
        <test-method signature="loginPageUrlTest()[pri:0, instance:com.qa.opencart.tests.LoginPageTest@2ea41516]" started-at="2023-12-15T17:15:41 IST" name="loginPageUrlTest" finished-at="2023-12-15T17:15:41 IST" duration-ms="34" status="PASS">
          <reporter-output>
          </reporter-output>
        </test-method> <!-- loginPageUrlTest -->
        <test-method signature="loginTest()[pri:0, instance:com.qa.opencart.tests.LoginPageTest@2ea41516]" started-at="2023-12-15T17:15:41 IST" name="loginTest" finished-at="2023-12-15T17:15:43 IST" duration-ms="2568" status="PASS">
          <reporter-output>
          </reporter-output>
        </test-method> <!-- loginTest -->
        <test-method is-config="true" signature="teardown()[pri:0, instance:com.qa.opencart.tests.LoginPageTest@2ea41516]" started-at="2023-12-15T17:15:43 IST" name="teardown" finished-at="2023-12-15T17:15:45 IST" duration-ms="1209" status="PASS">
          <reporter-output>
          </reporter-output>
        </test-method> <!-- teardown -->
      </class> <!-- com.qa.opencart.tests.LoginPageTest -->
    </test> <!-- Default test -->
  </suite> <!-- Default suite -->
</testng-results>
